{"/home/thiago/exercicios/exercises-trybe/01-fundamentos/secao-07-introducao a javascrip-es6-e-testes-unitarios/dia-03-matchers-e-cobertura-de-codigo/sum.js": {"path":"/home/thiago/exercicios/exercises-trybe/01-fundamentos/secao-07-introducao a javascrip-es6-e-testes-unitarios/dia-03-matchers-e-cobertura-de-codigo/sum.js","statementMap":{"0":{"start":{"line":2,"column":4},"end":{"line":4,"column":5}},"1":{"start":{"line":3,"column":8},"end":{"line":3,"column":54}},"2":{"start":{"line":5,"column":4},"end":{"line":5,"column":17}},"3":{"start":{"line":8,"column":11},"end":{"line":12,"column":1}},"4":{"start":{"line":14,"column":21},"end":{"line":16,"column":1}},"5":{"start":{"line":15,"column":4},"end":{"line":15,"column":56}},"6":{"start":{"line":18,"column":0},"end":{"line":18,"column":45}}},"fnMap":{"0":{"name":"sum","decl":{"start":{"line":1,"column":9},"end":{"line":1,"column":12}},"loc":{"start":{"line":1,"column":19},"end":{"line":6,"column":1}},"line":1},"1":{"name":"(anonymous_1)","decl":{"start":{"line":14,"column":21},"end":{"line":14,"column":22}},"loc":{"start":{"line":14,"column":40},"end":{"line":16,"column":1}},"line":14}},"branchMap":{"0":{"loc":{"start":{"line":2,"column":4},"end":{"line":4,"column":5}},"type":"if","locations":[{"start":{"line":2,"column":4},"end":{"line":4,"column":5}},{"start":{},"end":{}}],"line":2},"1":{"loc":{"start":{"line":2,"column":8},"end":{"line":2,"column":54}},"type":"binary-expr","locations":[{"start":{"line":2,"column":8},"end":{"line":2,"column":29}},{"start":{"line":2,"column":33},"end":{"line":2,"column":54}}],"line":2}},"s":{"0":4,"1":2,"2":2,"3":1,"4":1,"5":2,"6":1},"f":{"0":4,"1":2},"b":{"0":[2,2],"1":[4,2]},"_coverageSchema":"1a1c01bbd47fc00a2c39e90264f33305004495a9","hash":"7285d6c1fd83f0610ce46101ef77010fc50d8c4b"}
}
